{"titles": ["Error when computing gradients of a reloaded SavedModel containing an if clause", "Error when computing gradients of a reloaded SavedModel containing an if clause", "Documentation Error: padded_shapes isn't provided in padded_batch method.", "TPU UnimplementedError: ", "It seems be issues to tflite model", "the link to stable version of this codelab is broken ", "TFLite quantized hard_swish operator precision issue", "Update api_def_Maximum.pbtxt", "d", "Tensorflow 2 - oneDNN 1.x build fails searching for i_malloc.h, mkl_cblas.h on non-x86 machines.", "Got OperatorNotAllowedInGraphError: iterating over `tf.Tensor` is not allowed in Graph execution. Use Eager execution or decorate this function with @tf.function when writing custom layer.", "Cannot run .py file", "how to convert frozen graph (.pb and .pbtxt) model into quantized edge.tflite model ", "CUDA_ERROR_OUT_OF_MEMORY when converting model to tflite with the new experimental converter", "Apparent memory leak when using multiple input tensors with Go", "Memory leak in macOS Catalina 10.15", "Mapping a function on dataset is very slow compared to one-by-one application in a loop", "model.fit taking 30 minutes to set-up but only 3ms to run an epoch", "[TF2.2] Saving checkpoint failed when there is `dataset.shuffle` in dataset flow. ", "Tensorflow-rocm GPU useage confirmation", "Failed to get convolution algorithm. This is probably because cuDNN failed to initialize", "kronecker product", "compilation of rule '//tensorflow/python:bfloat16_lib' failed when building TF2.2 from source", "First example in keras guide \"customizing_what_happens_in_fit\" does not work", "Convergence issue across Keras 2.2.4 with TF 1.14.0 and Keras 2.3.1 with TF 2.2.0", "Unexpected difference in scatter_nd_update variants", "Incorrect documentation for model_from_config ", "Invalid test case from test_zero_padding_2d in convolutional_test.py", "Segmentation fault interpreter->SetNumThreads CPP", "\"Cannot find bazel\" return 0 in configure.py", "Writing custom py_function inside custom layer , gradient backpropagation", "TFLite generation issue with lrn", "How to run TF lite model on Nvidia GPU (NNAPI or GPU delegate)?", "TF 2 Keras | DenseFeatures layer not referring to data set fields by names", "How to use Tensorflow Lite GPU support for python code", "[Regression] on_train_batch_begin callbacks with no batch number and size", "Session crashes when I use TFLiteConverter with tf.lite.OpsSet.TFLITE_BUILTINS_INT8 option", "Quuantization.keras.quantize_model failed for subclasses model", "Update to have a better error message for tf.math.segment_[*]", "Conv1DTranspose documentation inconsistent with code and unclear", "C++ compilation of rule '//tensorflow/python:bfloat16_lib' failed", "tf.keras.activations.relu doesn't support fp16 through mixed precision for threshold greater than 0", "Tensorflow will not recognize GPU", "Segmentation fault when running TFLite's benchmark_model", "Unsupported ops when converting keyword spotting model", "quantization not yet supported for op %", "@Lu1352 Can you please open a new issue with a simple standalone code to reproduce the error? Thanks!", "Optimizing scatter_nd_* for complex tensors", "[TF 1.15] unexpected segment faults for seemingly \"reasonable and correct\" codes", "Windowing on multiple timeseries", "ImportError: No module named '_pywrap_tensorflow'", "having impport error ..tensorflow and tflearn", "Very strange Reshape layer behavier in Keras", "Cross-compile TFLite aarch64 with TF ops", "Tensorflow import issues", "Coral edge TPU Classification coordinates ", "build failed with build_all_android.sh as \"make: *** No rule to make target '/tensorflow/contrib/makefile/downloads/eigen/unsupported/Eigen/CXX1', needed by '/home/jason/workspace/algo/tf/tensorflow/tensorflow/contrib/makefile/gen/obj/android_armeabi-v7a/tensorflow/core/kernels/cast_op_impl_bool.o'.  Stop. make: *** Waiting for unfinished jobs....", "Getting Error while tranning rasa model.(rasa train)", "tf2.2-tensorrt error", "Tensorflow creating too many threads", "the memory couldn't be released after training", "Incorrect error message for valid input of tf.math.segment_*", "Gradient with respect to input returns None using GradientTape().", "AttributeError: 'StringIntLabelMapItem' object has no attribute 'keypoints'", "Inconsistant tf.name_scope behaviour with Custom model in TF2.X.", "Describe Conv1D kernel_size as height, not length?", "Failed to get convolution algorithm", "i can not run examples with downloadPredictFloat16ModelFile", "keras.callbacks.ModelCheckPoint has a problem when filepath of working directory is long", "\"Could not find a version that satisfies the requirement tensorflow==1.15.3\"", "C++ compilation of rule '//tensorflow/core/kernels:softsign_op' ", "Keras layer weights/sublayers getting deleted when creating a model with them. model.summary() / plot_model still shows those weights as part of graph though", "UnidentifiedImageError when I try to train my model", "Fix TypeError when sparse.from_dense is called with tf.string", "Looping over tf.data.Dataset very slow compared to that of Numpy Array", "SparseTensor from dense conversion error when dtype tf.string", "Concatenating weights in Keras custom layer using `add_weight` fails while computing gradients", "@tf.function decorated functions cannot access class varaiables, tf.print() doesn't work", "In model.fit, have each metric given a new line in display. ", "python sequence example context_features  Unsupported FixedLenSequenceFeature", "Please enable ImageDataGenerator for tpu accelerator ", "update arg doc for sigmoid_cross_entropy", "ALBERT from TF Hub doesn't work with GradientTape", "tf.tpu.experimental.initialize_tpu_system fails to work on nightly builds", "TF2.x API Docs module.py example fix.", "RuntimeError: Mmap of '/home/pi/object-detector/model' failed.", " C++ interface session->Close() does not reclaim memory resources", "TFLite GPU Delegate with OpenCL backend produces wrong result", "Test set is empty for imdb.load_data() with low maxlen value", "tensorflow.keras.layer.add() causes exception in to_json()", "tflite model failed to prepare in inference ", "sparse_softmax_cross_entropy_with_logits wrong answer under XLA", "Keras Checkpoint Callback's `mode` argument needs clearer documentation", "cudaGetDevice() failed. Status: cudaGetErrorString symbol not found.", "Non-GPU tensorflow:1.15.0 docker image fails when it can't find CUDA", "Unclear rank/dimension dependency of `weights` in  `sigmoid_cross_entropy` documentation", "`tf.nn.swish` documentation refers `name` as an argument", "bazel mirror tar gz 404 warning, and build fails", "Cant install tensorflow with gpu ", "AutoGraph \"could not transform\" warning when code contains a multi-line string with backslashes", "Iterator.make_initializer returns None", "Distributed training problem", "Add complex64 and complex128 gpu support for tensor_scatter_nd_add", "Tensorflow 2.2.0 and Tensorflow Probability 0.10.0 import error", "tf.image.flip_left_right and tf.image.flip_up_down incorrectly assumes rank-3 image and flips along the wrong axis", "tensor scatter nd add doesn't support complex64 in tf 2.3-dev", "TF2.2.0 model.train&evaluate may have a display bug ", "LSTM example for GPU delegate ", "Keras Mixed Precision", "Unable to create SavedModel from keras model", "AttributeError: 'Tensor' object has no attribute 'numpy'", "Building Tensorflow for arm based linux systems.", "d", "Use loss_weight in Model.compile() to compute total loss, but in real the total loss is more than the sum of losses", "Prediciting the model with features on TPU (AssertionError: Could not compute output Tensor(\"dense_3/Identity:0\", shape=(None, 1), dtype=float32))", "MSVC 2017 NVIDIA CUDA 9.2.1.148 CUDNN 7.5.0.56 target //tensorflow:tensorflow_cc.dll fails to link", "populateTypeInferenceInfo hits assertion when generating type inference interface for tf_ops", "Segmentation fault (core dumped)", "Tensorflow Installation Issue tf_logging", "tf.io.matching_files hangs given a certain pattern", "Tensorflow Roadmap README link broken", "AttributeError: type object 'TFLiteConverterV2' has no attribute 'from_keras_model_file'", "Installed Tensorflow-directml show no module named tensorflow", "Make keras.callbacks.Callback and tensorflow.keras.callbacks.Callback mutually compatible", "`tf.saved_model.save` attempts to compile __call__ even if `signatures` is not `None`", "Tensorflow tf function with numpy hyper-parameters and numpy calls", "Combining multiple SavedModels into one SavedModel", "Need: Tensorflow for Unity plugin", "how to build no stripped tensorflow lite so", "Attribute Error", "Can't load tf 2.1 model trained on ai platform", "SavedModel generates different probabilities than Estimator model It is exported from for RNNClassifier", "TensorFlowLiteSwift nightly build running 40 times slower than stable release build (on iPhone)", "Tensorflow lite v1 converter not correctly quantizing model (tf 2.2.0)", "Performance difference of TFlite in Android and iOS (model with quantization)", "for loop in map_fn within tf.function is very slow compared to using while_loop counterpart", "Tensorflow.python.framework.errors_impl.InvalidArgumentError: 2 root error(s) found.", "TFBertForSequenceClassification: Non-deterministic when training on GPU, even with seeds fixed and TF_DETERMINISTIC_OPS=\"1\"", "Docker images with tags '1.15.3' are missing on Docker Hub", "fix LaunchDepthwiseConvBackpropFilterOp", "GatherV2 bug from pb->tflite", "AttributeError: 'Tensor' object has no attribute 'numpy'", "Conversion error when trying to convert model using BeamSearchDecoder from tensorflow-addons [RNN]", " from tensorflow.python.framework import versions   File \"C:\\Users\\Akanksha\\AppData\\Local\\Programs\\Python\\Python36\\lib\\site-packages\\tensorflow\\python\\framework\\versions.py\", line 24, in <module>__version__ = pywrap_tensorflow.__version__ AttributeError: module 'tensorflow.python.pywrap_tensorflow' has no attribute '__version__'", "Want to contribute but build takes time", "RuntimeError: tensorflow/lite/kernels/range.cc:39 (start > limit && delta < 0) || (start < limit && delta > 0) was not true.Node number 3 (RANGE) failed   to invoke. Node number 393 (WHILE) failed to invoke. current error :RuntimeError: tensorflow/lite/kernels/reshape.cc:55 stretch_dim != -1 (0 != -1)Node number 83 (RESHAPE) failed to prepare.", "Tensorflow's FixedLengthRecordDataset reads binary file significantly slower than pure Python", "FutureWarning: Passing (type, 1) or '1type' as a synonym of type is deprecated; in a future version of numpy, it will be understood as (type, (1,)) / '(1,)type'.   _np_qint32 = np.dtype([(\"qint32\", np.int32, 1)])", "Tensorflow 2.0 converter.experimental_new_converter = True still giving 'str' object has no attribute 'call'", "Undefined references when using TensorFlow Lite in Arduino Nano 33 BLE Sense + Platform IO", "[batch AUC vs streaming AUC]: I want an implement a batch AUC method", "tf-nightly build spits out thousands of lines about \"whitelisting\" during training", "Reduce size of published wheel files (_pywrap_tensorflow_internal.so)", "Bug in tf.strings.split vs tf.compat.v1.string_split", "How to use sliding_window_batch in TF 2.2.0", "Fix unknown output shape issue in autograph for tf.equal", "Predcit function result is different from Training-Val using the same data", "Post-training full integer quantization produces model with float inputs/outputs", "Little bug? ", "ImportError: DLL load failed while importing _pywrap_tensorflow_internal: The specified module could not be found.   Failed to load the native TensorFlow runtime.", "ImportError: DLL load failed: A dynamic link library (DLL) initialization routine failed.", "Equal function forgets static shape in graph-mode in tensorflow 2.1 and 2.2", "LoadSavedModel very slow in loading the net", "passing labels=None to image_dataset_from_directory doesn't work", "Tensorflow 2.2.0 import error - DLL load failed", "Can tf.keras.utils.normalize be verified by tf.norm?", "ImportError: No module named '_pywrap_tensorflow_internal'", "d", "Model trained and saved on GPU fails at model open on CPU ", "predict method of tf.estimator is very slow", "model.fit() is 10% slower over custom training loops when using TPUs", "Error popping up", "tf_ops.cc takes 79s to compile / 4300+ lines long", "[Using tf.function()] ValueError: Input 0 of layer dense is incompatible with the layer", " _load(spec) ImportError: DLL load failed while importing _pywrap_tensorflow_internal", "Keras Reshae layer doesn't support in tf 2.2 ?", "Create a function to compute positive negative and neutral tweets. ", "**stop_if_no_decrease_hook** did not work during training?", "image normalization preprocess in Tensorflow Lite iOS object detection examples", "add None 0-dimension to output tensor (tf2)", "tensorflow-gpu==1.13.1", "Building TF Lite C++ shared library for macOS, linux, iOS and Android", "Issue with tensorflow not being able to use my gpu after installing cuda and cuDNN", "neural structured learning for NLP text classification", "Slow computation when no gradients exist w.r.t a layer", "the document description  of tensorflow java api  is not detailed enough.", "Can't load subclassed model 's architecture from keras.layers.serialize(model)", "Wrong batch size reported when using TPUStrategy", "How to create data generator that outputs a dict?", "AttributeError: module 'tensorflow' has no attribute 'compat'", "'tf.Dilation2D' op is neither a custom op nor a flex op", "Building Tensorflow from the source for the second time fails", "ValueError: Unable to fit model on a built graph. ", "TFLite model not working with png images", "Bug in tf.linalg.matmul on complex matrices", "GPU sudden explosion during training.", "tensorflow.keras slower than keras for repetitive calls to Model.predict()", "Seq2Seq using copy mechanism(such as pointer-generator network)", "Tensorflow not working after installing tensorflow-gpu", "Calling predict with a keras.Sequence on a keras.saved_model fail if no previous call on numpy", "tensorboard --logdir=runs not working: Abort trap: 6", "y shape and y_pred shape not same ", "Restore multiple (different) variables from the same checkpoint tensor.", "GPU-accelerated LSTMs/GRUs crash randomly with: [ InternalError: [_Derived_] Failed to call ThenRnnBackward with model config ]", "Importing TensorFlow package in PyCharm", "Build failure with master: logging_op_resolver", "miss the ruy/prepare_packed_matrices.h", "Mixed precision does not improve the speed", "Saving/Loading Subclassed Models TF2+/keras", "Custom train loop inconsistent with Keras `fit` for vector variables", "Protobuf not choosing the right libstdc++ while building with Bazel", "tf_upgrade_v2 needs explicit encodings on Windows to upgrade utf-8", "clarification with TF datasets: more efficient to vectorize with unbatching (batch -> map -> unbatch) or just map?", "ImportError: cannot import name 'naming' from 'tensorflow.python.autograph.core' for tf-agents", "Tensorflow is blocking CUDAmemcpyAsyn, and high CPU usage", "tf.image.adjust_jpeg_quality/tf.rawOpsEncodeJpegVariableQuality returns negative/inverted RGB image", "ValueError: tf.function-decorated function tried to create variables on non-first call.", " keras.models.save_model does not respect include_optimizer option", "AttributeError: 'Sequential' object has no attribute '_get_save_spec'", "ValueError: You are trying to load a weight file containing 16 layers into a model with 0 layers.", "Use keras `ModelCheckpoint` failed in multi-worker distribute training env", "Saving Keras model containing layer returning sparse tensor hits: \"ValueError: If specifying TensorSpec names for nested structures, either zero or all names have to be specified.\"", "model.load_weights fails to find matching files in gcs bucket", "Raise ValueError when saving a model created in mirroredstrategy", "Convert .tflite file to human-readable format", "same error using tflearn package ==0.3.2 and tenserflow ==1.14", "clang error: the clang compiler does not support '-march=native' [TF Lite, Android ARM]", "[TF Lite] TfLiteGpuDelegate Init: CONV_2D: Unsupported data type for float32 tensor", "//tensorflow/python/tpu:tpu_test and //tensorflow/python/tpu:datasets_test test case failure", "Windows 10 (No GPU): ImportError: DLL load failed: The specified module could not be found. ", "error with \"from tensorflow.keras.layers import Dense\"", "build tensorflow 1.13 error", "Could not load dynamic library 'libcudnn.so.7'", "tf.contrib module's alternative methods in Version 2 of Tensorflow ", "TF_SessionRunCallable in file session.py Crashes", "Tensorflow dataset loading warning", "timeseries_dataset_from_array wrong target output value", "How could I know my data is distributed in the right way?", "Problem while adding a custom metric", "Error in the tpu.ipynb notebook", "Op not registered 'LSTMBlockCell' in binary running on..", "gradient descent and performance issues with Tf 2.1 ", "ValueError: Failed to convert a NumPy array to a Tensor (Unsupported object type list).", "Subclassed model with ConvLSTM2D layer can't be saved as a SavedModel in TF2.2 ", "TF2. How to set tf.OptimizerOptions.L0", "[TF Lite] GPU delegates for windows", "Training using GradientTape not working ", "\"The name 'num_detections:0' refers to a Tensor which does not exist. The operation, 'num_detections', does not exist in the graph.\"", "[TF Lite C API]  Zero outputs", "Cannot register 2 metrics with the same name Error", "Custom keras model  train success,but save error", "cant import tensorflow.contrib.tensorrt", "Tried to export a function which references untracked object Tensor(\"5486:0\", shape=(), dtype=resource).TensorFlow objects (e.g. tf.Variable) captured by functions must be tracked by assigning them to an attribute of a tracked object or assigned to an attribute of the main object directly.", "how do you get the string out of  Tensor(\"args_0:0\", shape=(), dtype=string) type?:", "TypeError: Expected int64, got 1e-07 of type 'float' instead : FasterRCNN tensorflow 2.x", "ImportError: DLL load failed: The specified module could not be found.", "None Type not Supported", "AutoGraph could not transform", "Updated documentation for GRU & LSTM", "Mask-RCNN conversion succeeds, but requires select-tf-ops despite selecting only TFLITE_BUILTINS", "not tensorflow-GPU \"ImportError: DLL load failed: The specified module could not be found.\" inside Conda / Win10", "Fix tf.broadcast_to abort issue when given shape value overflows int32", "List tf.function methods in tf.Module", "Support for .next() on tf.data.Dataset", "Annoying Documentation for Tensorflow 2.2.0", "simple tf.vectorized_map raises error UnrecognizedFlagError: Unknown command line flag 'f'", "tf2.0 Multi-worker training with Keras  only utilizing one GPU", "TensorArray concat() throws _FallbackException", "Import error : dll load failed Tensorflow 2.0 version", "Bazel build option \"--config=v1\" does not build Tensorflow 1.x", "TfLite Sign Op Support", "Unexpected rise in inference time after quantization", "`from tensorflow import keras` errors if it's in a file named `code.py`", "Failed to build TF on macOS with CUDA 10.1 due to cusparse_10_1.inc", "TFLiteConverter: failed to convert `tf.cast` (from `uint8` to `float32`)", "Code for univariate_data() preprocessing function in LSTM Timeseries documentation example incorrect", "Can TensorFlow models be saved and restored with multiple optimizers using tf.train.Checkpoint?", "`AttributeError due to '_TensorLike'", "tf.raw_ops.CollectivePermute bug caused by strange device numbering", "The parameters for BatchNormalization are not updated", " Error while reading resource variable _AnonymousVar117 from Container while training with colab", "TF2.2: MultiWorkerMirroredStrategy doesn't assign workers correctly and training doesn't start", "Tensorflow 2.x and tf.compat issues", "Tensorflow Lite Converter Raise Issue", "Unhandled Rejection (Error): No backend found in registry in a React App", "Machine translation using Seq2Seq with attention by using LSTM instead of GRU", "ModuleNotFoundError: No module named 'tensorflow.contrib'", "Encountered fatal Python error with TFLite Experimental Converter", "Request to include tf.depth_to_space", "tf.linalg.expm enters infinite loop when input may cause reduce_sum to have inf", "tf.function-decorated  Value error", "CUDA Toolkit 11.0 RC", "Eigen download can fail due to Gitlab captcha", "'fused' argument of BatchNormalization is not saved in the model", "Can not convert tf.map_fn during TFLite Conversion (With Minimum Example)", "Windows Python 3.7, Pycharm and tensorflow problem on import tensorflow", "Import util issue", "MobileNetV3", "Fix floating point exception with tf.unravel_index", "\"tensorflow.python.framework.errors_impl.InvalidArgumentError: Retval[0] does not have value\" on aarch64", "MKL does not work with tensorflow 2.2.0", "Model training ending after around 50 steps.", "Unit test //tensorflow/python:session_clusterspec_prop_test fails because eager execution is incompatible with tf.placeholder()", "Floating point exception while executing tf.unravel_index function", "Quantization of LeNET model using MNIST dataset breaks during model freeze", "Add llvm support for s390x, fix xla and aot issue", "2.3 Nightly build produces error when initializing system in TF documentation's Colab tutorial", "'Function could not be transformed and will be executed as-is' while training RNN with Embedding in Keras", "No documentatio non how to manipulate a python.data.ops.dataset_oops.BatchDataset", "When using batch normalization layer in distributed training, saved model couldn't be used to predict or serve in tfserving", "Importing tensorflow using python -c causes segmentation fault on interpreter exit", "[RNN] dynamic input shape support", "ImportError: cannot import name 'function_pb2'", "TFLite cross-compiling arm64 build error?", "tensorflow.python.framework.errors_impl.InvalidArgumentError: Retval[1] does not have value with aarch64", "ROCm build broken", "Memory leak when repeatedly loading and deleting keras models", "linking error while building TensorFlow Lite C++ image classification demo for Android", "AttributeError: 'PerReplica' object has no attribute 'begin'", "Save and load custom optimizers for continued training", "Can't build the binary for Sparkfun Edge Examples", "<tf.Variable 'Variable:0' shape=(1, 56, 56, 256) dtype=float32, numpy= array([[[[0.        , 3.6259902 , 3.3980963 , ...,        nan,                  nan,        nan],", "Unable to call \"image_dataset_from_directory\"", "TFLite: Cannot run inference on TF Lite Model: \"Regular TensorFlow ops are not supported by this interpreter.\" ", "Tensorflow 2.0 Object detection GPU fails", "TFLite: Cannot run inference on TF Lite Model: \"Regular TensorFlow ops are not supported by this interpreter. Make sure you apply/link the Flex delegate before inference.Node number 3", "GPU delegate gives different result from CPU", "Initiating inputs on functional model API doesn't work as expected", "tf.TensorArray.stack() fails inside tf.function when dtype is tf.uint32 or tf.uint64", "libtensorflowlite.so crash on Android (NDK r18b)", "tf.sparse_tensor_to_dense get the wrong result", "Java API doc for TFLite", "[TF/MLIR] tf-mlir-translate crash with specific build config", "GPU Delegate doesn't work for tflite model on Android device", "OperatorNotAllowedInGraphError: using a tf.Tensor as a Python bool is not allowed in Graph execution. Use Eager execution or decorate this function with @tf.function.", "TF model convert to TFLite", "Can't training model with multi GPU", "Transfer segment_sum op from 2.2 to 1.15 version\uff0cOp type wrong\u3002", "Can contrib_audio.mfcc has gardient ?", "DLL load failed", "Hierarchical display for TensorBoard", "Dynamic libtensorflow-lite for ARM64", "Cross-compile the label_image with ARM64 libtensorflow-lite.a", "Incorrect result of _MKLMaxPoolGrad", "TFlite Converter Error: from tensorflow.lite.toco.python.toco_from_protos import main ModuleNotFoundError: No module named 'tensorflow'", "RuntimeError: Encountered unresolved custom op: RandomStandardNormal.Node number 1 (RandomStandardNormal) failed to prepare", "'os' has no attribute 'errno' when using keras.utils.plot_model", "Tensorflow\u306e\u300coverfit and underfit\u300d\u306e\u4e0d\u5099", "ERROR: /tensorflow_src/tensorflow/compiler/aot/BUILD:277:1: C++ compilation of rule '//tensorflow/compiler/aot:embedded_protocol_buffers' failed (Exit 1)", "import tensorflow as tf not working on WIN10", "Fix the docs and parameters warning of Hessians with tf 2.0 upgrader", "TF reports cublas64_10.dll not found", "[tf.data] preserve_cardinality in map()", "GPU Layer Update", "`tf.compat.v1.setdiff1d` documentation refers `out_idx` as an argument", "Unclear type/dimension dependency of `filters` in  `conv1d/3d_transpose` documentation", "Exception: could not rewrite use of immutable bound input", "asking for dll that don't exist..", "ValueError: `handle` is not available outside the replica context or a `tf.distribute.Strategy.update()` call", "Please add additional check in TfLiteQuantizationFree", "Prediction failed: Could not import PIL.Image. The use of `load_img` requires PIL.", "Can't set weights for exactly the same model", "run this:python freeze_graph.py \\ --input_graph C:/Users/Administrator.DESKTOP-5V6G6NA/tensorflowfiles/bird\\data2/slim/tmp/inception_v3_inf_graph.pb \\ --input_checkpoint .tmp/train_logs/model.ckpt-721 \\ --input_binary true \\ --output_node_names InceptionV3/Predictions/Reshape_1 \\ --output_graph .tmp/frozen_graph.pb", "micro_speech train example broken", "Cannot save RNN-based model as a saved model format", "tensorflow.python.framework.errors_impl.InvalidArgumentError: input depth must be evenly divisible by filter depth: 544 vs 96 [Op:Conv2D]", "[Feature Request] Multiple primals and tangents for tf.autodiff.ForwardAccumulator", "bugfix: add a method to check penalty number availability", "tf.nn.relu on nan inputs returns zeros on GPU", "Class Weights InvalidArgumentError", "Model fit incredibly slow ", "bn - Add support for Bengali Language", "Doc recommends stateful training but the batches are shuffled?", "Tensorflow S3 read performance improvement", "tf.estimator.BoostedTreesClassifier does support multi-classes: AttributeError: 'NoneType' object has no attribute 'is_compatible_with'", "from_dlpack leaking memory", "TFLiteConverter: Exception: Merge of two inputs that differ on more than one predicate", "TF can't access GPU", "Fix doc rendering error in tf.ragged.constant", "org.tensorflow:tensorflow-lite-gpu nightly build error vs 2.2.0", "AttributeError: module 'tensorflow.python.framework.ops' has no attribute '_set_call_cpp_shape_fn'", "Format issue in `tf.ragged.constant` documentation", "`tf.hessians` documentation refers `colocate_gradients_with_ops` as an argument", "Unclear shape dependency of `value` in  `tf.keras.backend.moving_average_update` documentation", "Usage of secure grpc functions breaks builds using unsecure grpc", "Test case //tensorflow/python/eager:def_function_test_cpu_only fails on TF2.2 due to inconsistent XLA flag.", "InvalidArgumentError:  Incompatible shapes: [200,10] vs. [200,5] [[node LogicalAnd_3 (defined at <ipython-input-11-ea6e7bc7fc28>:1) ]]", "gcc: internal compiler error: Killed (program cc1plus)", "Tensorflow getting slower and slower", "Customizing what happens in fit()", "Warnings in tf.autodiff.ForwardAccumulator", "How am I supposed to debug an error with this complexity? - Shapes mismatch YoloV4 - tensorflow 2.2", "Tensorflow 2.2 takes much more time than 2.1/2.0 to start training with \"keras.fit\"", "Regression on tf-nightly when using Cloud TPU and writing to GCS", "models.metrics", "Tensorflow after built from source in High Sierra won't import in Jupyter notebook", "TF2.2 HALT TRAINING ON 2 2080TI+NVLINK BRIDGE", "Cannot build TensorFlow Lite iOS framework for benchmark tool due to '@XNNPACK//:neonv8_ukernels' rule compilation failure", "Same labels and predictions, non-zero loss", "How to set batch_bize best. I get leakage in old Cuda versions, allocated memory consumption error in new  Cuda versions.", "OperatorNotAllowedInGraphError: iterating over `tf.Tensor` is not allowed", "When subclassing the `Model` class, you should implement a `call` method.", "Image recognition with TensorFlow Lite for Andorid", "Overflow in tf.keras.layers.experimental.preprocessing.Normalization", "Error ImageDataGenerator in multiple GPU", "update python_api.md", "convert error", "Is there a way to train large amount of variable size data in TF", "Conflict python between Tensorflow, Spyder and Octave", "About the official document variable name introduced by Profiler is inconsistent\uff01", "The tf.keras.Model.compile metrics do not respect masking since TF 2.2", "cannot import name 'compiler'", "TFLite, 2.2.0, accuracy drops significantly when tf.lite.Optimize.DEFAULT option is used", "Wrong output shape with ellipsis in tflite from keras models", "tf.Module break gradient registration", "TensorFlow 2.2.0 - Can't create layer of type \"Max\" in function 'getLayerInstance' OpenCV", "Could not create cudnn handle: CUDNN_STATUS_ALLOC_FAILED", "Update losses.py", "\"/usr/local/lib/python3.6/dist-packages/tensorflow/include/unsupported/Eigen/CXX11/../../../Eigen/src/Core/\" Number of warnings generated during project build", "For tf.keras.losses.categorical_hinge maximum op dtype missmatch using mixed_precision with float16", "tf.math.maximum example is written incorrectly.", "tf.keras.layers.Multiply fails on Variables", "Missing positional argument error when deepcopy a LSTMCell", "RandomContrast Layer - confusing __init__ error message", "Setuptools 40.0.0 is incompatible", "dataset.from_generator error with multiple inputs", "Can't use Keras with GPU (Tensorflow-gpu==1.15)", "Unable to use tfp.optimizer.lbfgs_minimize, error after 2 iterations", "Simple keras model \"predict\" call fails inside py_function", "TensorFlow \"steals\" stdout when using output redirection", "Use of unresolved identifier 'CoreMLDelegate'", "Error when using Class_Weight in Keras for binary classification", "TFLite Convert Python API Has Bad Code", "windows 8.1 : import error: DLL load failed", "Training fails with \"CUDA_ERROR_LAUNCH_FAILED: unspecified launch failure\" on Windows 10", "AttributeError: module 'tensorflow.python.keras.api._v2.keras.preprocessing.text' has no attribute 'text_dataset_from_directory'", "The problem of using the function \u201cSetDefaultDevice\u201d to set the gpu", "Tflite convertor generates 2 graphs ", "ERROR: Unrecognized option: --experimental_repo_remote_exec", "EagerTensor without building a function", "Building libtensorflow.so 1.10.1 on Linux with GCC 4.8 and -std=c++11 doesn't export CXX11 symbols", "Segmentation fault (core dumped)", "Segmentation fault (core dumped)", "micro_speech example breaks when feeding it trained model on Arduino", "No module named 'tensorflow.contrib'", "lstm_cell.get_initial_state(batch_size, dtype) caught 'Duplicate node name' error if batch_size is unknown", "[TF 2.3.0] [Intel MKL] Eigen Threadpool Support with Intel oneDNN", "[TF 2.3.0] [Intel MKL] BFloat16 Support for Intel CPUs", "model = keras.models.Sequential() # I tensorflow/stream_executor/cuda/cuda_driver.cc:801] failed to allocate 72.19M (75694080 bytes) from device: CUDA_ERROR_OUT_OF_MEMORY: out of memory", "ICPU supports instructions that this TensorFlow binary was not compiled to use: AVX2 FMA", "Missing pre-processing for Mobilenet V2 model training", "DynamicPaddedBatchDatasetOp for tf.data", "NNAPI Reference does not output the same result as CPU for style transfer app on android for tensorflow lite", "MultiWorker Mirrored strategy fails to start with TF_CONFIG", "Cannot save keras model in tf format", "    TfLiteGpuDelegate Init: Tensor \"model/tf_op_layer_Reshape/Reshape\" has bad input dims size: 5.", "Tflite.tensorflow  Cannot convert a Tensor of dtype resource to a NumPy array. after multi mirrored strategy training", "[TF 2.2.0/TPU]: tf.data.Dataset segmentation fault with \"the Encode() method is not implemented for DatasetVariantWrapper objects\" after calling TPUCusterResolver() ", "//tensorflow/python/compiler/xla:jit_test fails on s390x and need to add support for llvm", "Max and min for dynamic tensors should be recorded during calibration: Failed for tensor Shape", "Connecting to invalid output 163 of source node GRU_1/while which has 163 outputs..", "TFlite with hexagon delegate returns wrong result. ", "Model cannot be saved because the input shapes have not been set.", "tensorflow.dll build with GPU support fails on Windows with \"( was unexpected at this time\"", "Can't import tensorflow ( tf-nightly-gpu)", "Batch, shuffle, and unbatch", "Keras Mixed Precision Policy and Horovod are incompatible.", "TF 2.0 using tf.keras - Custom Loss w/ Multiple Output Model - AttributeError: 'Tensor' object has no attribute 'numpy' raised during training", "TF2.2 ImportError: cannot import name 'dense_features'", "pip install Eigen:AVX512 build", "Unexpected behaviour of tf.image.convert_image_dtype", "object of type <class 'numpy.float64'> cannot be safely interpreted as an integer", "Be able to specifiy the row split dtypes in a keras Ragged Input layer ", "test_fit_with_ModelCheckpoint_with_dir_as_h5_filepath test failure in //tensorflow/python/keras:callbacks_test", "KeyError: 'acc' in multi_worker_fault_tolerance_test", "The following classes have no ground truth", "tensorflow-lite as shared(dynamic) lib for C/C++ & linux/ubuntu", "autograph for bool logic control incorrect", "asserterror when using tf.cond", "Tensorflow see's GPU but only uses xla_cpu and crashes when told to use xla_gpu", "Mixing XLA and non XLA autograph triggers retracing", "\"ImportError: cannot import name tf2\" when doing Object Detection Model Training in Google Cloud", "Issue with fetching of Output Tensor sizes in Model", "MAPELoss description is wrong", "Loading tf saved model throws error in Keras, but works in tf", "Recreate Variables in tf.function", "Unable to calculate gradient -> AttributeError: 'Tensor' object has no attribute 'numpy'", "DLL load failed while importing _pywrap_tensorflow_internal: A dynamic link library (DLL) initialization routine failed.", "2 errors while building NodeDef 'tf_op_layer_Maximum_2/Maximum_2' using Op<name=Maximum; signature=x:T, y:T -> z:T ...Inconsistent values for attr 'T' DT_INT32 vs. DT_INT64", "tf.guarantee_const does not work with XLA compilation", "Cannot Read From Google Storage with tf.io.gfile.GFile under intel-tensorflow==1.14.0", "array slice on tf.function is about 23 times slower than non tf function", "tflite lstm", "the gpu memory seem doesn't load well with crontab in centos7", "DLL issue", "Loaded runtime CuDNN library: 7.5.0 but source was compiled with: 7.6.5.  CuDNN library major and minor version needs to match or have higher minor version in case of CuDNN 7.0 or later version. If using a binary install, upgrade your CuDNN library.  If building from sources, make sure the library loaded at runtime is compatible with the version specified during compile configuration.", "ValueError thrown in trivial Keras model using tf.split", "Import Issue ", "Recall and Precision of binary classifciation not the same as manual calculated", "Help Changing Tensor Value", "Wrong result when calling 'multi-line' lambda inside @tf.function", "InvalidArgumentError while using GRU layer in custom training loop", "Add complex tensor support for tf.debugging.assert_near", " C++ compilation of rule '//tensorflow/core/kernels:mkl_softmax_op' failed - Win 10 / VS2019", "TFLite conversion of Conv1D layer with dilation_rate>1", "Translation from frozen graph to lite model is incorrect when quantization is enabled.", "not able to run %tensorboard --logdir logs\\fit", "tensorflow cannot use feature columns to keras model", "AttributeError: 'Tensor' object has no attribute 'numpy'", "tf.debugging.assert_near raises InvalidArgumentError for complex tensors", "tf.random.uniform array minval/maxval with dtype=tf.int*", "ruy optimized library enabling for tf-lite", "Introduce a groundtruths argument in the call method of tf.keras.layer", "Upgrading Tensorflow", "ValueError: Could not find matching function to call loaded from the SavedModel", "XLA Interpreter is not being compiled in Tensorflow 2.2", "error", "ImportError: DLL load failed: The specified module could not be found.", "Sparse Categorical CrossEntropy in Google Collab", "Using Sequence as validation data in Model.fit", "Spleeter error", "add tf.version.version_info similar to sys.version_info", "Failed installing tensorflow 2.1.0 into Cloud Functions runtime Python 3.7", "RuntimeError: Inputs and outputs not all float|uint8|int16 types.Node number 4 (ADD) failed to invoke.", "Formula error display in RMSprop", "Convert to tflite issue", "Tf.shape() does not support RaggedTensor", "how to get the shared library containing the TfLite Delegate.of tf.lite.experimental.load delegate", "`tf.Module` saves in an invalid state when `tf.function` references a variable defined in another scope", "tfa ReduceLROnPlateau callback from Tf keras is not recognizing cohen kappa metrics direction in 'Auto' mode", "cuda 10.2 issue", "AttributeError: module 'tensorflow.keras.layers.experimental' has no attribute 'EinsumDense'", "'Model' object has no attribute 'total_loss' [2.2 Eager]", "Broken in v2.2.0: set_visible_devices() is used with tf.keras.mixed_precision", "TFLite library fix for r2.1 branch", "could not find the module", "Tensorflow 1.x not available for python 3.8", "Build Error fedora 32, gcc -10.xx", "Ubuntu 18.04.4 LTS crashes while training with Tensorflow", "choosing bitrate when encoding audio", "TfLite Micro - Conv2D layer not running on ESP32 board", "problem running visualize.py at import flatbuffersn", "applications_load_weight_test testcases fail on s390x architecture", "MultiWorkerMirroredStrategy assign a wrong device", "unable to load model with custom objects on a Fresh Python Environment!", "PReLU operation throws error on tflite android benchmark tool with gpu", "ERROR: Encountered unresolved custom op: Dilation2D.", "Support \"depth_to_pace\" for tflite GPU delegate", "Handling Unbalanced dataset : ImageAugmentation using tf.keras.preprocessing.image.ImageDataGenerator and tf.datasets: model.fit()", "tensorflow for go install failed", "Warning while running teaching sample", "cd Tiger build installation isssue when I'm using command cd Tiger it's retrun such a no file directory ", "tf.keras.layers.Embedding convert error", "Subclassed layers not automatically saved to checkpoint in TF2.2", "Provide way to exclude CoreML delegate from bazel build", "libhexagon_interface.so for non Android - Openwrt platform", "ValueError when attempting to use adapt method from TextVectorization layer ", "ImportError: cannot import name 'export_saved_model' from 'tensorflow.python.keras.saving.saved_model' (F:\\New folder\\New folder\\lib\\site-packages\\tensorflow\\python\\keras\\saving\\saved_model\\__init__.py)", "Optimize recall and accuracy for a sub-class in multi-class classification", "tf.experimental.CsvDataset breaking down if select_cols is provided", "tf.distribute.MirroredStrategy() ERROR:root:'NoneType' object has no attribute 'write'", "TFLite, Model with Conv2DTranspose fails to convert, fully quantization, int8", "TF Lite nightly: Model with Fully Connected layer can't be converted, fully quantization, int8", "TF 2.2.0 ptxas issue", "Two weird things when I use custom model `train_step` and loss", "Does tensorflow 1.15.0 support int8 tflite convertion? Wrong accurary.", "Non-OK-status: tensorflow::Env::Default()->DeleteFile(ptx_path) status: Not found: ", "SciSharp.TensorFlow.Redist-Windows-GPU missing for tf.net 0.20.0-alpha", "matmul & slice make incorrect result for some specific dims", "Failed to load the native TensorFlow runtime Error", "TFLiteConverter.", "Tensorflow\u306e\u30c1\u30e5\u30fc\u30c8\u30ea\u30a2\u30eb\u300cOverfit and underfit\u300d\u306e\u4e0d\u5099", "404 Not found", "Customized loss function requires eager tensor, but symbolic tensor is passed", "GatherV2Grad prints a deprecation warning", "Different SHA256 for mkl_dnn", "TextLineDataset could be more expressive", "Trying to run l08c09_forecasting_with_cnn.ipynb on spyder: \"WARNING:tensorflow:AutoGraph could not transform <function seq2seq_window_dataset.<locals>.<lambda> at 0x0000024D6C641D38> and will run it as-is.\"", "Unclear Documentation for Keras SavedModel format", "Wrong with converted tflite model", "Unresolved external symbol C ++ version", "Unable to import Tensor Flow - Windows10", "Please Providing tensorflowLite dynamic library  for iOS platform.", "Colab Runtime Crashes training on musdb18", "[TF 2.2 API docs] tf.keras.applications.resnet_v2.preprocess_input docs Returns paragraph is misleading", "form keras part recurrent_dropout causes a exploding loses ", "Infinite Training"], "labels": [1, 1, 3, 1, 1, 0, 1, 1, 5, 5, 3, 3, 3, 1, 1, 4, 4, 3, 1, 3, 3, 1, 5, 3, 3, 3, 0, 1, 1, 5, 1, 1, 3, 1, 3, 1, 1, 3, 1, 0, 5, 1, 3, 1, 1, 3, 3, 2, 1, 3, 5, 5, 4, 5, 5, 3, 5, 5, 3, 3, 4, 1, 1, 3, 1, 3, 3, 5, 1, 5, 5, 1, 3, 1, 4, 1, 1, 1, 2, 2, 2, 1, 1, 1, 1, 3, 4, 1, 1, 1, 1, 1, 2, 5, 5, 0, 0, 5, 5, 1, 1, 3, 1, 5, 1, 1, 1, 3, 1, 3, 1, 5, 5, 3, 1, 5, 5, 5, 5, 1, 0, 3, 3, 2, 1, 1, 2, 2, 5, 5, 1, 1, 4, 3, 4, 4, 3, 1, 5, 1, 1, 3, 1, 3, 5, 1, 4, 3, 3, 1, 2, 1, 2, 1, 3, 1, 1, 1, 0, 5, 5, 1, 4, 1, 5, 3, 3, 5, 3, 4, 4, 3, 5, 1, 5, 1, 1, 3, 1, 3, 5, 5, 3, 3, 4, 2, 1, 3, 3, 5, 1, 5, 1, 1, 1, 3, 4, 2, 5, 1, 1, 1, 2, 1, 5, 5, 5, 4, 1, 1, 5, 1, 3, 3, 4, 3, 1, 1, 3, 3, 3, 1, 1, 1, 3, 1, 5, 1, 1, 5, 5, 5, 3, 2, 1, 3, 3, 3, 3, 0, 3, 1, 3, 1, 3, 5, 3, 1, 1, 1, 3, 1, 1, 3, 1, 5, 3, 1, 1, 1, 5, 1, 3, 2, 0, 1, 1, 1, 5, 5, 3, 4, 1, 5, 1, 3, 3, 3, 1, 1, 1, 1, 3, 3, 1, 3, 3, 1, 1, 1, 3, 5, 5, 1, 3, 5, 1, 2, 1, 1, 5, 5, 1, 1, 3, 1, 0, 3, 3, 1, 3, 1, 5, 1, 1, 5, 4, 5, 1, 3, 3, 1, 3, 1, 3, 1, 1, 1, 1, 5, 1, 2, 5, 3, 3, 3, 3, 3, 2, 5, 2, 5, 5, 1, 3, 1, 3, 0, 5, 5, 1, 5, 3, 1, 0, 0, 1, 3, 1, 1, 3, 1, 1, 3, 1, 3, 2, 1, 1, 1, 3, 2, 0, 3, 1, 4, 3, 1, 1, 1, 5, 0, 0, 0, 5, 1, 1, 5, 4, 1, 3, 3, 4, 1, 1, 5, 1, 5, 3, 4, 3, 1, 3, 1, 3, 1, 1, 3, 5, 0, 1, 5, 3, 1, 1, 1, 1, 1, 3, 1, 0, 1, 1, 1, 5, 1, 3, 1, 1, 3, 1, 3, 0, 5, 1, 1, 1, 3, 5, 3, 5, 1, 5, 1, 3, 1, 2, 2, 1, 5, 0, 2, 1, 3, 1, 3, 3, 1, 1, 1, 1, 1, 1, 5, 5, 3, 1, 3, 5, 5, 1, 1, 2, 1, 1, 1, 5, 1, 3, 1, 1, 1, 3, 3, 1, 2, 1, 1, 3, 1, 1, 4, 1, 3, 5, 3, 1, 5, 1, 2, 1, 1, 1, 5, 1, 1, 3, 1, 1, 1, 1, 3, 2, 5, 3, 5, 5, 5, 3, 2, 5, 2, 5, 1, 0, 1, 1, 3, 1, 1, 5, 3, 1, 1, 5, 5, 5, 5, 3, 2, 1, 1, 1, 1, 3, 1, 3, 2, 2, 5, 3, 3, 3, 1, 2, 5, 1, 5, 2, 3, 3, 1, 1, 1, 1, 1, 1, 5, 3, 5, 3, 0, 1, 1, 3, 1, 2, 3, 3, 3, 5, 5, 5, 3, 0, 1, 3], "cat": ["docs-bug", "bug", "feature", "support", "performance", "build/install"]}